[2025-04-22 14:48:35] ERROR: 🚨 No instances available for service: order_service
[2025-04-25 14:56:21] ERROR: 🚨 No instances available for service: user_service
[2025-04-25 14:56:53] ERROR: 🚨 No instances available for service: user_service
[2025-05-05 20:53:44] ERROR: 🚨 No instances available for service: user_service
[2025-05-05 20:54:04] ERROR: 🚨 No instances available for service: user_service
[2025-05-05 21:12:16] ERROR: 🚨 No instances available for service: user_service
[2025-05-07 22:52:52] ERROR: Request to http://localhost:5001/api/user/sign-in failed on attempt 1: Request failed with status code 500
[2025-05-07 22:52:52] ERROR: Status: 500, Data: {"message":"name is not defined"}
[2025-05-08 15:03:01] ERROR: Request to http://localhost:5001/api/user/sign-up failed on attempt 1: Request failed with status code 404
[2025-05-08 15:03:01] ERROR: Status: 404, Data: {"message":{"errorLabelSet":{},"errorResponse":{"index":0,"code":11000,"errmsg":"E11000 duplicate key error collection: KTTKPM_USER_SERVICE.users index: name_1 dup key: { name: null }","keyPattern":{"name":1},"keyValue":{"name":null}},"index":0,"code":11000,"keyPattern":{"name":1},"keyValue":{"name":null}}}
[2025-05-08 15:03:20] ERROR: Request to http://localhost:5001/api/user/sign-up failed on attempt 1: Request failed with status code 404
[2025-05-08 15:03:20] ERROR: Status: 404, Data: {"message":{"errorLabelSet":{},"errorResponse":{"index":0,"code":11000,"errmsg":"E11000 duplicate key error collection: KTTKPM_USER_SERVICE.users index: name_1 dup key: { name: null }","keyPattern":{"name":1},"keyValue":{"name":null}},"index":0,"code":11000,"keyPattern":{"name":1},"keyValue":{"name":null}}}
[2025-05-08 15:03:53] ERROR: Request to http://localhost:5001/api/user/sign-up failed on attempt 1: Request failed with status code 404
[2025-05-08 15:03:53] ERROR: Status: 404, Data: {"message":{"errorLabelSet":{},"errorResponse":{"index":0,"code":11000,"errmsg":"E11000 duplicate key error collection: KTTKPM_USER_SERVICE.users index: name_1 dup key: { name: null }","keyPattern":{"name":1},"keyValue":{"name":null}},"index":0,"code":11000,"keyPattern":{"name":1},"keyValue":{"name":null}}}
[2025-05-08 15:04:41] ERROR: Request to http://localhost:5001/api/user/sign-up failed on attempt 1: Request failed with status code 404
[2025-05-08 15:04:41] ERROR: Status: 404, Data: {"message":{"errorLabelSet":{},"errorResponse":{"index":0,"code":11000,"errmsg":"E11000 duplicate key error collection: KTTKPM_USER_SERVICE.users index: name_1 dup key: { name: null }","keyPattern":{"name":1},"keyValue":{"name":null}},"index":0,"code":11000,"keyPattern":{"name":1},"keyValue":{"name":null}}}
[2025-05-08 15:06:27] ERROR: Request to http://localhost:5001/api/user/sign-up failed on attempt 1: Request failed with status code 404
[2025-05-08 15:06:27] ERROR: Status: 404, Data: {"message":{"errorLabelSet":{},"errorResponse":{"index":0,"code":11000,"errmsg":"E11000 duplicate key error collection: KTTKPM_USER_SERVICE.users index: name_1 dup key: { name: null }","keyPattern":{"name":1},"keyValue":{"name":null}},"index":0,"code":11000,"keyPattern":{"name":1},"keyValue":{"name":null}}}
[2025-05-08 15:07:57] ERROR: Request to http://localhost:5001/api/user/sign-up failed on attempt 1: Request failed with status code 404
[2025-05-08 15:07:57] ERROR: Status: 404, Data: {"message":{"errorLabelSet":{},"errorResponse":{"index":0,"code":11000,"errmsg":"E11000 duplicate key error collection: KTTKPM_USER_SERVICE.users index: name_1 dup key: { name: null }","keyPattern":{"name":1},"keyValue":{"name":null}},"index":0,"code":11000,"keyPattern":{"name":1},"keyValue":{"name":null}}}
[2025-05-08 15:08:59] ERROR: Request to http://localhost:5001/api/user/sign-up failed on attempt 1: Request failed with status code 404
[2025-05-08 15:08:59] ERROR: Status: 404, Data: {"message":{"errorLabelSet":{},"errorResponse":{"index":0,"code":11000,"errmsg":"E11000 duplicate key error collection: KTTKPM_USER_SERVICE.users index: name_1 dup key: { name: null }","keyPattern":{"name":1},"keyValue":{"name":null}},"index":0,"code":11000,"keyPattern":{"name":1},"keyValue":{"name":null}}}
[2025-05-08 15:12:42] ERROR: Request to http://localhost:5001/api/user/sign-up failed on attempt 1: Request failed with status code 404
[2025-05-08 15:12:42] ERROR: Status: 404, Data: {"message":{"errorLabelSet":{},"errorResponse":{"index":0,"code":11000,"errmsg":"E11000 duplicate key error collection: KTTKPM_USER_SERVICE.users index: name_1 dup key: { name: null }","keyPattern":{"name":1},"keyValue":{"name":null}},"index":0,"code":11000,"keyPattern":{"name":1},"keyValue":{"name":null}}}
[2025-05-08 15:13:55] ERROR: Request to http://localhost:5001/api/user/sign-up failed on attempt 1: Request failed with status code 404
[2025-05-08 15:13:55] ERROR: Status: 404, Data: {"message":{"errorLabelSet":{},"errorResponse":{"index":0,"code":11000,"errmsg":"E11000 duplicate key error collection: KTTKPM_USER_SERVICE.users index: name_1 dup key: { name: null }","keyPattern":{"name":1},"keyValue":{"name":null}},"index":0,"code":11000,"keyPattern":{"name":1},"keyValue":{"name":null}}}
[2025-05-08 15:14:51] ERROR: Request to http://localhost:5001/api/user/sign-up failed on attempt 1: Request failed with status code 404
[2025-05-08 15:14:51] ERROR: Status: 404, Data: {"message":{"errorLabelSet":{},"errorResponse":{"index":0,"code":11000,"errmsg":"E11000 duplicate key error collection: KTTKPM_USER_SERVICE.users index: name_1 dup key: { name: null }","keyPattern":{"name":1},"keyValue":{"name":null}},"index":0,"code":11000,"keyPattern":{"name":1},"keyValue":{"name":null}}}
[2025-05-08 15:17:46] ERROR: Request to http://localhost:5001/api/user/sign-up failed on attempt 1: Request failed with status code 404
[2025-05-08 15:17:46] ERROR: Status: 404, Data: {"message":{"errorLabelSet":{},"errorResponse":{"index":0,"code":11000,"errmsg":"E11000 duplicate key error collection: KTTKPM_USER_SERVICE.users index: name_1 dup key: { name: null }","keyPattern":{"name":1},"keyValue":{"name":null}},"index":0,"code":11000,"keyPattern":{"name":1},"keyValue":{"name":null}}}
